 
****************************************
Report : area
Design : FPadd_plain
Version: L-2016.03-SP5-1
Date   : Tue Jan  2 16:50:21 2024
****************************************

Information: Updating design information... (UID-85)
Library(s) Used:

    sc9mcpp84_14lppxl_base_rvt_c14_nn_nominal_max_0p80v_25c (File: /cad/GF/arm/gf/14lppxl/sc9mcpp84_base_rvt_c14/r0p0/db/sc9mcpp84_14lppxl_base_rvt_c14_nn_nominal_max_0p80v_25c.db)

Number of ports:                           48
Number of nets:                           404
Number of cells:                          357
Number of combinational cells:            357
Number of sequential cells:                 0
Number of macros/black boxes:               0
Number of buf/inv:                         45
Number of references:                      34

Combinational area:                 84.284928
Buf/Inv area:                        6.580224
Noncombinational area:               0.000000
Macro/Black Box area:                0.000000
Net Interconnect area:               0.000000

Total cell area:                    84.284928
Total area:                         84.284928

Hierarchical area distribution
------------------------------

                                  Global cell area          Local cell area
                                  ------------------  --------------------------- 
Hierarchical cell                 Absolute   Percent  Combi-    Noncombi-  Black-
                                  Total      Total    national  national   boxes   Design
--------------------------------  ---------  -------  --------  ---------  ------  ---------
FPadd_plain                         84.2849    100.0   84.2849     0.0000  0.0000  FPadd_plain
--------------------------------  ---------  -------  --------  ---------  ------  ---------
Total                                                  84.2849     0.0000  0.0000


Area of detected synthetic parts
--------------------------------
  No DW parts to report!

Estimated area of ungrouped synthetic parts
-------------------------------------------
                                      Estimated  Perc. of
  Module              Implem.  Count       Area cell area
  ------------------- -------  ----- ---------- ---------
  DP_OP_55J1_122_3590     str      1    15.5659     18.5%
  DP_OP_56J1_123_3250     str      1     6.5926      7.8%
  DW01_add            apparch      3     9.7736     11.6%
  DW01_inc            apparch      1     1.8313      2.2%
  DW01_sub            apparch      1     4.5324      5.4%
  DW_leftsh              astr      1     8.7091     10.3%
  DW_rightsh             astr      1    10.6445     12.6%
  ------------------- -------  ----- ---------- ---------
  DP_OP Subtotal:                  2    22.1586     26.3%
  Total:                           9    57.6494     68.4%

Subtotal of datapath(DP_OP) cell area:  22.1586  26.3%  (estimated)
Total synthetic cell area:              57.6494  68.4%  (estimated)

1
